<?xml version="1.0" encoding="UTF-8"?>
<!-- Generated by org.testng.reporters.JUnitReportReporter -->
<testsuite hostname="VJ-PC" name="com.wordpress.Testcases.VerifyWordpressLoginNew" tests="1" failures="0" timestamp="19 Jul 2016 14:55:04 GMT" time="12.849" errors="0">
  <testcase name="checkValidUser" time="12.849" classname="com.wordpress.Testcases.VerifyWordpressLoginNew"/>
</testsuite> <!-- com.wordpress.Testcases.VerifyWordpressLoginNew -->
